0 info it worked if it ends with ok
1 verbose cli [ '/usr/local/bin/node', '/usr/local/bin/npm', 'run', 'dev' ]
2 info using npm@4.0.5
3 info using node@v7.4.0
4 verbose run-script [ 'predev', 'dev', 'postdev' ]
5 info lifecycle Tw93@~predev: Tw93@
6 silly lifecycle Tw93@~predev: no script for predev, continuing
7 info lifecycle Tw93@~dev: Tw93@
8 verbose lifecycle Tw93@~dev: unsafe-perm in lifecycle true
9 verbose lifecycle Tw93@~dev: PATH: /usr/local/lib/node_modules/npm/bin/node-gyp-bin:/Users/Tw93/www/github/tw93.github.io/node_modules/.bin:/usr/local/bin:/usr/bin:/bin:/usr/sbin:/sbin:/Users/Tw93/.rvm/bin
10 verbose lifecycle Tw93@~dev: CWD: /Users/Tw93/www/github/tw93.github.io
11 silly lifecycle Tw93@~dev: Args: [ '-c', 'bundle exec jekyll serve --watch' ]
12 silly lifecycle Tw93@~dev: Returned: code: 1  signal: null
13 info lifecycle Tw93@~dev: Failed to exec dev script
14 verbose stack Error: Tw93@ dev: `bundle exec jekyll serve --watch`
14 verbose stack Exit status 1
14 verbose stack     at EventEmitter.<anonymous> (/usr/local/lib/node_modules/npm/lib/utils/lifecycle.js:279:16)
14 verbose stack     at emitTwo (events.js:106:13)
14 verbose stack     at EventEmitter.emit (events.js:191:7)
14 verbose stack     at ChildProcess.<anonymous> (/usr/local/lib/node_modules/npm/lib/utils/spawn.js:40:14)
14 verbose stack     at emitTwo (events.js:106:13)
14 verbose stack     at ChildProcess.emit (events.js:191:7)
14 verbose stack     at maybeClose (internal/child_process.js:885:16)
14 verbose stack     at Process.ChildProcess._handle.onexit (internal/child_process.js:226:5)
15 verbose pkgid Tw93@
16 verbose cwd /Users/Tw93/www/github/tw93.github.io
17 error Darwin 16.4.0
18 error argv "/usr/local/bin/node" "/usr/local/bin/npm" "run" "dev"
19 error node v7.4.0
20 error npm  v4.0.5
21 error code ELIFECYCLE
22 error Tw93@ dev: `bundle exec jekyll serve --watch`
22 error Exit status 1
23 error Failed at the Tw93@ dev script 'bundle exec jekyll serve --watch'.
23 error Make sure you have the latest version of node.js and npm installed.
23 error If you do, this is most likely a problem with the Tw93 package,
23 error not with npm itself.
23 error Tell the author that this fails on your system:
23 error     bundle exec jekyll serve --watch
23 error You can get information on how to open an issue for this project with:
23 error     npm bugs Tw93
23 error Or if that isn't available, you can get their info via:
23 error     npm owner ls Tw93
23 error There is likely additional logging output above.
24 verbose exit [ 1, true ]
